<?xml version="1.0" encoding="UTF-8"?>
<!-- Generated by org.testng.reporters.JUnitReportReporter -->
<testsuite hostname="DESKTOP-VHQ63N5" failures="0" tests="1" name="restAPI.Newupdate" time="18.670" errors="0" timestamp="31 Dec 2022 04:58:00 GMT" skipped="0">
  <testcase classname="restAPI.Newupdate" name="test1" time="18.670"/>
</testsuite> <!-- restAPI.Newupdate -->
