<?xml version="1.0" encoding="UTF-8"?>
<!-- Generated by org.testng.reporters.JUnitReportReporter -->
<testsuite hostname="DESKTOP-VHQ63N5" failures="0" tests="1" name="restAPI.EndToEndTest" time="2.450" errors="0" timestamp="31 Dec 2022 05:23:50 GMT" skipped="0">
  <testcase classname="restAPI.EndToEndTest" name="test1" time="2.450"/>
</testsuite> <!-- restAPI.EndToEndTest -->
